<?xml version="1.0" encoding="UTF-8" ?>
<testsuite failures="0" time="43.297" errors="0" skipped="0" tests="3" name="cn.gamemate.taskqueue.rabbitmq.delay.MainTest">
  <properties>
[...]
</properties>
  <testcase time="11.859" classname="cn.gamemate.taskqueue.rabbitmq.delay.MainTest" name="testDelay"/>
  <testcase time="15.203" classname="cn.gamemate.taskqueue.rabbitmq.delay.MainTest" name="testMultitask"/>
  <testcase time="16.188" classname="cn.gamemate.taskqueue.rabbitmq.delay.MainTest" name="testBlendtask"/>
</testsuite>